/data01/home/baroncelli/phd/DATA/templates/grb_afterglow/GammaCatalogV1.0/run0406_ID000126_ebl.fits
Filename: /data01/home/baroncelli/phd/DATA/obs/obs_st_bkg_tr_1_os_0_emin_0.03_emax_0.15_roi_2.5/backgrounds/bkg000001.fits
No.    Name      Ver    Type      Cards   Dimensions   Format
  0  PRIMARY       1 PrimaryHDU       8   ()      
  1  EVENTS        1 BinTableHDU     88   349336R x 8C   [1J, 1D, 1E, 1E, 1E, 1E, 1E, 1J]   
  2  GTI           1 BinTableHDU     20   1R x 2C   [1D, 1D]   
ColDefs(
    name = 'EVENT_ID'; format = '1J'; bscale = 1; bzero = 2147483648
    name = 'TIME'; format = '1D'; unit = 's'
    name = 'RA'; format = '1E'; unit = 'deg'
    name = 'DEC'; format = '1E'; unit = 'deg'
    name = 'ENERGY'; format = '1E'; unit = 'TeV'
    name = 'DETX'; format = '1E'; unit = 'deg'
    name = 'DETY'; format = '1E'; unit = 'deg'
    name = 'MC_ID'; format = '1J'
)

Region center  {'ra': 33.057, 'dec': -51.841} with radius 0.5 deg
Produced:  /data01/home/baroncelli/phd/DATA/obs/obs_st_grb_tr_1_os_0_emin_0.03_emax_0.15_roi_2.5/run0406_ID000126/ap/ebl000001_ap_mode_windowed_wsize_25_wstep_26_rad_0.5.csv
[(0, 25), (26, 51), (52, 77), (78, 103), (104, 129), (130, 155), (156, 181), (182, 207), (208, 233), (234, 259), (260, 285), (286, 311), (312, 337), (338, 363), (364, 389), (390, 415), (416, 441), (442, 467), (468, 493), (494, 519), (520, 545), (546, 571), (572, 597), (598, 623), (624, 649), (650, 675), (676, 701), (702, 727), (728, 753), (754, 779), (780, 805), (806, 831), (832, 857), (858, 883), (884, 909), (910, 935), (936, 961), (962, 987), (988, 1013), (1014, 1039), (1040, 1065), (1066, 1091), (1092, 1117), (1118, 1143), (1144, 1169), (1170, 1195), (1196, 1221), (1222, 1247), (1248, 1273), (1274, 1299), (1300, 1325), (1326, 1351), (1352, 1377), (1378, 1403), (1404, 1429), (1430, 1455), (1456, 1481), (1482, 1507), (1508, 1533), (1534, 1559), (1560, 1585), (1586, 1611), (1612, 1637), (1638, 1663), (1664, 1689), (1690, 1715), (1716, 1741), (1742, 1767), (1768, 1793), (1794, 1819), (1820, 1845), (1846, 1871), (1872, 1897), (1898, 1923), (1924, 1949), (1950, 1975), (1976, 2001), (2002, 2027), (2028, 2053), (2054, 2079), (2080, 2105), (2106, 2131), (2132, 2157), (2158, 2183), (2184, 2209), (2210, 2235), (2236, 2261), (2262, 2287), (2288, 2313), (2314, 2339), (2340, 2365), (2366, 2391), (2392, 2417), (2418, 2443), (2444, 2469), (2470, 2495), (2496, 2521), (2522, 2547), (2548, 2573), (2574, 2599), (2600, 2625), (2626, 2651), (2652, 2677), (2678, 2703), (2704, 2729), (2730, 2755), (2756, 2781), (2782, 2807), (2808, 2833), (2834, 2859), (2860, 2885), (2886, 2911), (2912, 2937), (2938, 2963), (2964, 2989), (2990, 3015), (3016, 3041), (3042, 3067), (3068, 3093), (3094, 3119), (3120, 3145), (3146, 3171), (3172, 3197), (3198, 3223), (3224, 3249), (3250, 3275), (3276, 3301), (3302, 3327), (3328, 3353), (3354, 3379), (3380, 3405), (3406, 3431), (3432, 3457), (3458, 3483), (3484, 3509), (3510, 3535), (3536, 3561), (3562, 3587)]
Produced:  /data01/home/baroncelli/phd/DATA/obs/obs_st_grb_tr_1_os_0_emin_0.03_emax_0.15_roi_2.5/run0406_ID000126/ap/ebl000001_ap_mode_windowed_wsize_25_wstep_26_rad_0.5.png
