GCTAModelIrfBackground::mc("Background": rate=109.3 cts/s)
 Interval 0 events=196886
GCTAModelIrfBackground::mc("Background": rate=109.3 cts/s)
GCTAModelIrfBackground::mc("Background": rate=109.3 cts/s)
 Interval 0 events=197281
GCTAModelIrfBackground::mc("Background": rate=109.3 cts/s)
 Interval 0 events=196923
GCTAModelIrfBackground::mc("Background": rate=109.3 cts/s)
GCTAModelIrfBackground::mc("Background": rate=109.3 cts/s)
GCTAModelIrfBackground::mc("Background": rate=109.3 cts/s)
GCTAModelIrfBackground::mc("Background": rate=109.3 cts/s)
GCTAModelIrfBackground::mc("Background": rate=109.3 cts/s)
GCTAModelIrfBackground::mc("Background": rate=109.3 cts/s)
GCTAModelIrfBackground::mc("Background": rate=109.3 cts/s)
GCTAModelIrfBackground::mc("Background": rate=109.3 cts/s)
 Interval 0 events=196912
 Interval 0 events=195942
GCTAModelIrfBackground::mc("Background": rate=109.3 cts/s)
 Interval 0 events=197172
 Interval 0 events=196211
GCTAModelIrfBackground::mc("Background": rate=109.3 cts/s)
GCTAModelIrfBackground::mc("Background": rate=109.3 cts/s)
GCTAModelIrfBackground::mc("Background": rate=109.3 cts/s)
 Interval 0 events=196803
GCTAModelIrfBackground::mc("Background": rate=109.3 cts/s)
 Interval 0 events=196722
 Interval 0 events=196660
 Interval 0 events=197439
GCTAModelIrfBackground::mc("Background": rate=109.3 cts/s)
 Interval 0 events=196901
 Interval 0 events=197025
GCTAModelIrfBackground::mc("Background": rate=109.3 cts/s)
 Interval 0 events=196949
 Interval 0 events=196887
 Interval 0 events=197328
 Interval 0 events=197187
 Interval 0 events=196297
GCTAModelIrfBackground::mc("Background": rate=109.3 cts/s)
 Interval 0 events=196945
GCTAModelIrfBackground::mc("Background": rate=109.3 cts/s)
 Interval 0 events=196389
GCTAModelIrfBackground::mc("Background": rate=109.3 cts/s)
GCTAModelIrfBackground::mc("Background": rate=109.3 cts/s)
 Interval 0 events=196824
GCTAModelIrfBackground::mc("Background": rate=109.3 cts/s)
 Interval 0 events=197860
 Interval 0 events=196502
GCTAModelIrfBackground::mc("Background": rate=109.3 cts/s)
GCTAModelIrfBackground::mc("Background": rate=109.3 cts/s)
GCTAModelIrfBackground::mc("Background": rate=109.3 cts/s)
 Interval 0 events=197004
 Interval 0 events=197017
GCTAModelIrfBackground::mc("Background": rate=109.3 cts/s)
 Interval 0 events=196652
GCTAModelIrfBackground::mc("Background": rate=109.3 cts/s)
 Interval 0 events=197177
GCTAModelIrfBackground::mc("Background": rate=109.3 cts/s)
 Interval 0 events=196350
 Interval 0 events=196175
GCTAModelIrfBackground::mc("Background": rate=109.3 cts/s)
 Interval 0 events=197011
GCTAModelIrfBackground::mc("Background": rate=109.3 cts/s)
 Interval 0 events=196944
 Interval 0 events=196745
GCTAModelIrfBackground::mc("Background": rate=109.3 cts/s)
 Interval 0 events=196717
GCTAModelIrfBackground::mc("Background": rate=109.3 cts/s)
 Interval 0 events=196690
GCTAModelIrfBackground::mc("Background": rate=109.3 cts/s)
 Interval 0 events=196822
 Killed by ROI=22219
 Killed by ROI=22079
 Killed by ROI=22326
 Killed by ROI=22373
 Killed by ROI=22115
 Killed by ROI=22342
 Killed by ROI=22382
 Killed by ROI=22507
 Killed by ROI=22210
 Killed by ROI=22242
 Killed by ROI=22298
 Killed by ROI=22276
 Killed by ROI=21964
 Killed by ROI=22148
 Killed by ROI=22616
 Killed by ROI=22198
 Killed by ROI=22224
 Killed by ROI=22424
 Killed by ROI=22547
 Killed by ROI=22503
 Killed by ROI=22011
 Killed by ROI=22853
 Killed by ROI=22367
 Killed by ROI=22263
 Killed by ROI=22449
 Killed by ROI=22012
 Killed by ROI=22175
 Killed by ROI=22085
 Killed by ROI=22260
 Killed by ROI=22322
 Killed by ROI=22361
 Killed by ROI=22430
 Killed by ROI=22323
 Killed by ROI=22358
 Killed by ROI=22469
GCTAModelIrfBackground::mc("Background": rate=109.3 cts/s)
GCTAModelIrfBackground::mc("Background": rate=109.3 cts/s)
GCTAModelIrfBackground::mc("Background": rate=109.3 cts/s)
 Interval 0 events=196996
 Interval 0 events=196525
 Interval 0 events=196416
GCTAModelIrfBackground::mc("Background": rate=109.3 cts/s)
GCTAModelIrfBackground::mc("Background": rate=109.3 cts/s)
 Interval 0 events=196129
 Interval 0 events=196588
GCTAModelIrfBackground::mc("Background": rate=109.3 cts/s)
 Interval 0 events=196786
GCTAModelIrfBackground::mc("Background": rate=109.3 cts/s)
GCTAModelIrfBackground::mc("Background": rate=109.3 cts/s)
GCTAModelIrfBackground::mc("Background": rate=109.3 cts/s)
GCTAModelIrfBackground::mc("Background": rate=109.3 cts/s)
 Interval 0 events=195968
GCTAModelIrfBackground::mc("Background": rate=109.3 cts/s)
 Interval 0 events=197907
 Interval 0 events=196455
GCTAModelIrfBackground::mc("Background": rate=109.3 cts/s)
 Interval 0 events=197000
 Interval 0 events=196159
 Interval 0 events=196881
GCTAModelIrfBackground::mc("Background": rate=109.3 cts/s)
GCTAModelIrfBackground::mc("Background": rate=109.3 cts/s)
 Interval 0 events=197128
 Interval 0 events=196685
GCTAModelIrfBackground::mc("Background": rate=109.3 cts/s)
GCTAModelIrfBackground::mc("Background": rate=109.3 cts/s)
GCTAModelIrfBackground::mc("Background": rate=109.3 cts/s)
GCTAModelIrfBackground::mc("Background": rate=109.3 cts/s)
 Interval 0 events=197429
 Interval 0 events=197222
 Interval 0 events=197264
GCTAModelIrfBackground::mc("Background": rate=109.3 cts/s)
GCTAModelIrfBackground::mc("Background": rate=109.3 cts/s)
GCTAModelIrfBackground::mc("Background": rate=109.3 cts/s)
GCTAModelIrfBackground::mc("Background": rate=109.3 cts/s)
 Interval 0 events=196984
 Interval 0 events=197228
 Interval 0 events=197376
 Interval 0 events=196578
GCTAModelIrfBackground::mc("Background": rate=109.3 cts/s)
 Interval 0 events=196851
GCTAModelIrfBackground::mc("Background": rate=109.3 cts/s)
 Interval 0 events=196993
 Interval 0 events=195957
GCTAModelIrfBackground::mc("Background": rate=109.3 cts/s)
 Interval 0 events=196332
GCTAModelIrfBackground::mc("Background": rate=109.3 cts/s)
GCTAModelIrfBackground::mc("Background": rate=109.3 cts/s)
GCTAModelIrfBackground::mc("Background": rate=109.3 cts/s)
GCTAModelIrfBackground::mc("Background": rate=109.3 cts/s)
 Interval 0 events=197171
 Interval 0 events=196653
 Interval 0 events=196164
 Interval 0 events=197253
GCTAModelIrfBackground::mc("Background": rate=109.3 cts/s)
GCTAModelIrfBackground::mc("Background": rate=109.3 cts/s)
 Interval 0 events=197010
 Interval 0 events=197136
GCTAModelIrfBackground::mc("Background": rate=109.3 cts/s)
 Interval 0 events=196156
GCTAModelIrfBackground::mc("Background": rate=109.3 cts/s)
GCTAModelIrfBackground::mc("Background": rate=109.3 cts/s)
 Interval 0 events=196810
 Interval 0 events=196014
GCTAModelIrfBackground::mc("Background": rate=109.3 cts/s)
 Interval 0 events=197344
 Killed by ROI=22229
 Killed by ROI=22389
 Killed by ROI=22314
 Killed by ROI=22408
 Killed by ROI=22323
 Killed by ROI=22285
 Killed by ROI=22366
 Killed by ROI=22327
 Killed by ROI=22068
 Killed by ROI=21951
 Killed by ROI=22623
 Killed by ROI=22241
 Killed by ROI=22251
 Killed by ROI=21999
 Killed by ROI=22464
 Killed by ROI=21961
 Killed by ROI=22324
 Killed by ROI=22317
 Killed by ROI=22214
 Killed by ROI=22208
 Killed by ROI=22585
 Killed by ROI=22212
 Killed by ROI=22168
 Killed by ROI=22369
 Killed by ROI=22413
 Killed by ROI=22315
 Killed by ROI=22317
 Killed by ROI=22311
 Killed by ROI=22060
 Killed by ROI=22120
 Killed by ROI=22117
 Killed by ROI=22186
 Killed by ROI=22350
 Killed by ROI=22358
 Killed by ROI=22580
GCTAModelIrfBackground::mc("Background": rate=109.3 cts/s)
 Interval 0 events=196516
GCTAModelIrfBackground::mc("Background": rate=109.3 cts/s)
 Interval 0 events=196392
GCTAModelIrfBackground::mc("Background": rate=109.3 cts/s)
GCTAModelIrfBackground::mc("Background": rate=109.3 cts/s)
 Interval 0 events=197448
 Interval 0 events=197181
GCTAModelIrfBackground::mc("Background": rate=109.3 cts/s)
 Interval 0 events=196010
GCTAModelIrfBackground::mc("Background": rate=109.3 cts/s)
 Interval 0 events=196540
GCTAModelIrfBackground::mc("Background": rate=109.3 cts/s)
 Interval 0 events=196745
GCTAModelIrfBackground::mc("Background": rate=109.3 cts/s)
GCTAModelIrfBackground::mc("Background": rate=109.3 cts/s)
 Interval 0 events=196455
 Interval 0 events=196772
GCTAModelIrfBackground::mc("Background": rate=109.3 cts/s)
GCTAModelIrfBackground::mc("Background": rate=109.3 cts/s)
GCTAModelIrfBackground::mc("Background": rate=109.3 cts/s)
 Interval 0 events=196535
 Interval 0 events=196065
 Interval 0 events=196973
GCTAModelIrfBackground::mc("Background": rate=109.3 cts/s)
GCTAModelIrfBackground::mc("Background": rate=109.3 cts/s)
 Interval 0 events=196021
 Interval 0 events=196937
GCTAModelIrfBackground::mc("Background": rate=109.3 cts/s)
 Interval 0 events=197389
GCTAModelIrfBackground::mc("Background": rate=109.3 cts/s)
 Interval 0 events=197652
GCTAModelIrfBackground::mc("Background": rate=109.3 cts/s)
 Interval 0 events=196025
GCTAModelIrfBackground::mc("Background": rate=109.3 cts/s)
 Interval 0 events=196671
GCTAModelIrfBackground::mc("Background": rate=109.3 cts/s)
GCTAModelIrfBackground::mc("Background": rate=109.3 cts/s)
 Interval 0 events=197278
 Interval 0 events=196582
GCTAModelIrfBackground::mc("Background": rate=109.3 cts/s)
GCTAModelIrfBackground::mc("Background": rate=109.3 cts/s)
GCTAModelIrfBackground::mc("Background": rate=109.3 cts/s)
GCTAModelIrfBackground::mc("Background": rate=109.3 cts/s)
 Interval 0 events=196900
 Interval 0 events=196749
 Interval 0 events=197106
 Interval 0 events=196484
GCTAModelIrfBackground::mc("Background": rate=109.3 cts/s)
GCTAModelIrfBackground::mc("Background": rate=109.3 cts/s)
GCTAModelIrfBackground::mc("Background": rate=109.3 cts/s)
GCTAModelIrfBackground::mc("Background": rate=109.3 cts/s)
 Interval 0 events=196750
GCTAModelIrfBackground::mc("Background": rate=109.3 cts/s)
 Interval 0 events=196539
 Interval 0 events=196455
 Interval 0 events=196539
 Interval 0 events=197157
GCTAModelIrfBackground::mc("Background": rate=109.3 cts/s)
 Interval 0 events=198080
 Killed by ROI=22392
 Killed by ROI=22327
 Killed by ROI=22567
 Killed by ROI=22301
 Killed by ROI=22269
 Killed by ROI=22390
 Killed by ROI=22067
 Killed by ROI=22064
 Killed by ROI=22312
 Killed by ROI=22202
 Killed by ROI=22281
 Killed by ROI=22198
 Killed by ROI=22172
 Killed by ROI=22483
 Killed by ROI=22392
 Killed by ROI=22230
 Killed by ROI=22292
 Killed by ROI=22396
 Killed by ROI=22173
 Killed by ROI=22274
 Killed by ROI=22480
 Killed by ROI=22349
 Killed by ROI=22354
 Killed by ROI=22228
 Killed by ROI=22243
 Killed by ROI=22209
 Killed by ROI=22295
 Killed by ROI=22318
 Killed by ROI=22537
 Killed by ROI=22195
Simulate empty fields for runid = run0406_ID000126
.. done
Simulate empty fields for runid = run0406_ID000126
.. done
Simulate empty fields for runid = run0406_ID000126
.. done
Simulate empty fields for runid = run0406_ID000126
.. done
Simulate empty fields for runid = run0406_ID000126
.. done
Simulate empty fields for runid = run0406_ID000126
.. done
Simulate empty fields for runid = run0406_ID000126
.. done
Simulate empty fields for runid = run0406_ID000126
.. done
Simulate empty fields for runid = run0406_ID000126
.. done
Simulate empty fields for runid = run0406_ID000126
.. done
Simulate empty fields for runid = run0406_ID000126
.. done
Simulate empty fields for runid = run0406_ID000126
.. done
Simulate empty fields for runid = run0406_ID000126
.. done
Simulate empty fields for runid = run0406_ID000126
.. done
Simulate empty fields for runid = run0406_ID000126
.. done
Simulate empty fields for runid = run0406_ID000126
.. done
Simulate empty fields for runid = run0406_ID000126
.. done
Simulate empty fields for runid = run0406_ID000126
.. done
Simulate empty fields for runid = run0406_ID000126
.. done
Simulate empty fields for runid = run0406_ID000126
.. done
Simulate empty fields for runid = run0406_ID000126
.. done
Simulate empty fields for runid = run0406_ID000126
.. done
Simulate empty fields for runid = run0406_ID000126
.. done
Simulate empty fields for runid = run0406_ID000126
.. done
Simulate empty fields for runid = run0406_ID000126
.. done
Simulate empty fields for runid = run0406_ID000126
.. done
Simulate empty fields for runid = run0406_ID000126
.. done
Simulate empty fields for runid = run0406_ID000126
.. done
Simulate empty fields for runid = run0406_ID000126
.. done
Simulate empty fields for runid = run0406_ID000126
.. done
Simulate empty fields for runid = run0406_ID000126
.. done
Simulate empty fields for runid = run0406_ID000126
.. done
Simulate empty fields for runid = run0406_ID000126
.. done
Simulate empty fields for runid = run0406_ID000126
.. done
Simulate empty fields for runid = run0406_ID000126
.. done
Simulate empty fields for runid = run0406_ID000126
.. done
Simulate empty fields for runid = run0406_ID000126
.. done
Simulate empty fields for runid = run0406_ID000126
.. done
Simulate empty fields for runid = run0406_ID000126
.. done
Simulate empty fields for runid = run0406_ID000126
.. done
Simulate empty fields for runid = run0406_ID000126
.. done
Simulate empty fields for runid = run0406_ID000126
.. done
Simulate empty fields for runid = run0406_ID000126
.. done
Simulate empty fields for runid = run0406_ID000126
.. done
Simulate empty fields for runid = run0406_ID000126
.. done
Simulate empty fields for runid = run0406_ID000126
.. done
Simulate empty fields for runid = run0406_ID000126
.. done
Simulate empty fields for runid = run0406_ID000126
.. done
Simulate empty fields for runid = run0406_ID000126
.. done
Simulate empty fields for runid = run0406_ID000126
.. done
Simulate empty fields for runid = run0406_ID000126
.. done
Simulate empty fields for runid = run0406_ID000126
.. done
Simulate empty fields for runid = run0406_ID000126
.. done
Simulate empty fields for runid = run0406_ID000126
.. done
Simulate empty fields for runid = run0406_ID000126
.. done
Simulate empty fields for runid = run0406_ID000126
.. done
Simulate empty fields for runid = run0406_ID000126
.. done
Simulate empty fields for runid = run0406_ID000126
.. done
Simulate empty fields for runid = run0406_ID000126
.. done
Simulate empty fields for runid = run0406_ID000126
.. done
Simulate empty fields for runid = run0406_ID000126
.. done
Simulate empty fields for runid = run0406_ID000126
.. done
Simulate empty fields for runid = run0406_ID000126
.. done
Simulate empty fields for runid = run0406_ID000126
.. done
Simulate empty fields for runid = run0406_ID000126
.. done
Simulate empty fields for runid = run0406_ID000126
.. done
Simulate empty fields for runid = run0406_ID000126
.. done
Simulate empty fields for runid = run0406_ID000126
.. done
Simulate empty fields for runid = run0406_ID000126
.. done
Simulate empty fields for runid = run0406_ID000126
.. done
Simulate empty fields for runid = run0406_ID000126
.. done
Simulate empty fields for runid = run0406_ID000126
.. done
Simulate empty fields for runid = run0406_ID000126
.. done
Simulate empty fields for runid = run0406_ID000126
.. done
Simulate empty fields for runid = run0406_ID000126
.. done
Simulate empty fields for runid = run0406_ID000126
.. done
Simulate empty fields for runid = run0406_ID000126
.. done
Simulate empty fields for runid = run0406_ID000126
.. done
Simulate empty fields for runid = run0406_ID000126
.. done
Simulate empty fields for runid = run0406_ID000126
.. done
Simulate empty fields for runid = run0406_ID000126
.. done
Simulate empty fields for runid = run0406_ID000126
.. done
Simulate empty fields for runid = run0406_ID000126
.. done
Simulate empty fields for runid = run0406_ID000126
.. done
Simulate empty fields for runid = run0406_ID000126
.. done
Simulate empty fields for runid = run0406_ID000126
.. done
Simulate empty fields for runid = run0406_ID000126
.. done
Simulate empty fields for runid = run0406_ID000126
.. done
Simulate empty fields for runid = run0406_ID000126
.. done
Simulate empty fields for runid = run0406_ID000126
.. done
Simulate empty fields for runid = run0406_ID000126
.. done
Simulate empty fields for runid = run0406_ID000126
.. done
Simulate empty fields for runid = run0406_ID000126
.. done
Simulate empty fields for runid = run0406_ID000126
.. done

... done.

