2022-10-07T12:21:20: ********************************************************************************
2022-10-07T12:21:20: *                                   ctobssim                                   *
2022-10-07T12:21:20: * ---------------------------------------------------------------------------- *
2022-10-07T12:21:20: * Version: 1.7.4                                                               *
2022-10-07T12:21:20: ********************************************************************************
2022-10-07T12:21:20: +============+
2022-10-07T12:21:20: | Parameters |
2022-10-07T12:21:20: +============+
2022-10-07T12:21:20:  inobs .....................: NONE
2022-10-07T12:21:20:  inmodel ...................: /scratch/baroncelli/DATA/models/CTAIrfBackground.xml
2022-10-07T12:21:20:  caldb .....................: prod5-v0.1
2022-10-07T12:21:20:  irf .......................: North_z40_5h_LST
2022-10-07T12:21:20:  edisp .....................: no
2022-10-07T12:21:20:  outevents .................: /data01/homes/baroncelli/phd/rtapipe/scripts/simulations/training_single_phlist_7200s/sim_output_2022-10-07_14-21-14/backgrounds/runid_notemplate_trial_0000000002_simtype_bkg_onset_0_delay_0_offset_0.5.fits
2022-10-07T12:21:20:  prefix ....................: sim_events_
2022-10-07T12:21:20:  startindex ................: 1
2022-10-07T12:21:20:  seed ......................: 2
2022-10-07T12:21:20:  ra ........................: 33.057
2022-10-07T12:21:20:  dec .......................: -52.341
2022-10-07T12:21:20:  rad .......................: 5
2022-10-07T12:21:20:  tmin ......................: 0
2022-10-07T12:21:20:  tmax ......................: 7200
2022-10-07T12:21:20:  mjdref ....................: 51544.5
2022-10-07T12:21:20:  emin ......................: 0.04
2022-10-07T12:21:20:  emax ......................: 1
2022-10-07T12:21:20:  deadc .....................: 0.98
2022-10-07T12:21:20:  maxrate ...................: 1.0e6
2022-10-07T12:21:20:  eslices ...................: 10
2022-10-07T12:21:20:  nthreads ..................: 1
2022-10-07T12:21:20:  publish ...................: no
2022-10-07T12:21:20:  chatter ...................: 2
2022-10-07T12:21:20:  clobber ...................: yes
2022-10-07T12:21:20:  debug .....................: no
2022-10-07T12:21:20:  mode ......................: ql
2022-10-07T12:21:20:  logfile ...................: /data01/homes/baroncelli/phd/rtapipe/scripts/simulations/training_single_phlist_7200s/sim_output_2022-10-07_14-21-14/backgrounds/runid_notemplate_trial_0000000002_simtype_bkg_onset_0_delay_0_offset_0.5.log
2022-10-07T12:21:20: 
2022-10-07T12:21:20: WARNING: Energy dispersion will *NOT* be considered for the computation. To consider
2022-10-07T12:21:20:          energy dispersion, please set the "edisp" parameter to "yes". Be aware that
2022-10-07T12:21:20:          using energy dispersion will considerably slow down the computations.
2022-10-07T12:21:20: 
2022-10-07T12:21:20: +================+
2022-10-07T12:21:20: | Execution mode |
2022-10-07T12:21:20: +================+
2022-10-07T12:21:20:  Event list management .....: Save and dispose (reduces memory needs)
2022-10-07T12:21:20:  Output format .............: Write single event list FITS file
2022-10-07T12:21:20: 
2022-10-07T12:21:20: +=============+
2022-10-07T12:21:20: | Seed values |
2022-10-07T12:21:20: +=============+
2022-10-07T12:21:20:  Seed 0 ....................: 7002737443
2022-10-07T12:21:20: 
2022-10-07T12:21:20: +===================+
2022-10-07T12:21:20: | Input observation |
2022-10-07T12:21:20: +===================+
2022-10-07T12:21:20: === GObservations ===
2022-10-07T12:21:20:  Number of observations ....: 1
2022-10-07T12:21:20:  Number of models ..........: 1
2022-10-07T12:21:20:  Number of observed events .: 0
2022-10-07T12:21:20:  Number of predicted events : 0
2022-10-07T12:21:20: 
2022-10-07T12:21:20: +======================+
2022-10-07T12:21:20: | Simulate observation |
2022-10-07T12:21:20: +======================+
2022-10-07T12:21:20: === CTA observation ===
2022-10-07T12:21:20:  Simulation cone ...........: RA=33.057 deg, Dec=-52.341 deg, radius=5.5 deg
2022-10-07T12:21:20:  Time interval .............: 0 - 7200 s
2022-10-07T12:21:20:  Photon energy range .......: 40 GeV - 55.1891864584486 GeV
2022-10-07T12:21:20:  Event energy range ........: 40 GeV - 55.1891864584486 GeV
2022-10-07T12:21:20:   Simulation area ..........: 1.69245e+09 cm2
2022-10-07T12:21:20:   MC source events .........: 0 (all source models)
2022-10-07T12:21:20:  Photon energy range .......: 55.1891864584486 GeV - 76.1461575486352 GeV
2022-10-07T12:21:20:  Event energy range ........: 55.1891864584486 GeV - 76.1461575486352 GeV
2022-10-07T12:21:20:   Simulation area ..........: 2.35887e+09 cm2
2022-10-07T12:21:20:   MC source events .........: 0 (all source models)
2022-10-07T12:21:20:  Photon energy range .......: 76.1461575486352 GeV - 105.061112176151 GeV
2022-10-07T12:21:20:  Event energy range ........: 76.1461575486352 GeV - 105.061112176151 GeV
2022-10-07T12:21:20:   Simulation area ..........: 2.95453e+09 cm2
2022-10-07T12:21:20:   MC source events .........: 0 (all source models)
2022-10-07T12:21:20:  Photon energy range .......: 105.061112176151 GeV - 144.955932735539 GeV
2022-10-07T12:21:20:  Event energy range ........: 105.061112176151 GeV - 144.955932735539 GeV
2022-10-07T12:21:20:   Simulation area ..........: 3.55589e+09 cm2
2022-10-07T12:21:20:   MC source events .........: 0 (all source models)
2022-10-07T12:21:20:  Photon energy range .......: 144.955932735539 GeV - 200 GeV
2022-10-07T12:21:20:  Event energy range ........: 144.955932735539 GeV - 200 GeV
2022-10-07T12:21:20:   Simulation area ..........: 4.32324e+09 cm2
2022-10-07T12:21:20:   MC source events .........: 0 (all source models)
2022-10-07T12:21:20:  Photon energy range .......: 200 GeV - 275.945932292243 GeV
2022-10-07T12:21:20:  Event energy range ........: 200 GeV - 275.945932292243 GeV
2022-10-07T12:21:20:   Simulation area ..........: 5.41264e+09 cm2
2022-10-07T12:21:20:   MC source events .........: 0 (all source models)
2022-10-07T12:21:20:  Photon energy range .......: 275.945932292243 GeV - 380.730787743176 GeV
2022-10-07T12:21:20:  Event energy range ........: 275.945932292243 GeV - 380.730787743176 GeV
2022-10-07T12:21:20:   Simulation area ..........: 6.29058e+09 cm2
2022-10-07T12:21:20:   MC source events .........: 0 (all source models)
2022-10-07T12:21:20:  Photon energy range .......: 380.730787743176 GeV - 525.305560880753 GeV
2022-10-07T12:21:20:  Event energy range ........: 380.730787743176 GeV - 525.305560880753 GeV
2022-10-07T12:21:20:   Simulation area ..........: 7.33283e+09 cm2
2022-10-07T12:21:20:   MC source events .........: 0 (all source models)
2022-10-07T12:21:20:  Photon energy range .......: 525.305560880753 GeV - 724.779663677696 GeV
2022-10-07T12:21:20:  Event energy range ........: 525.305560880753 GeV - 724.779663677696 GeV
2022-10-07T12:21:20:   Simulation area ..........: 8.49516e+09 cm2
2022-10-07T12:21:20:   MC source events .........: 0 (all source models)
2022-10-07T12:21:20:  Photon energy range .......: 724.779663677696 GeV - 1 TeV
2022-10-07T12:21:20:  Event energy range ........: 724.779663677696 GeV - 1 TeV
2022-10-07T12:21:20:   Simulation area ..........: 9.17287e+09 cm2
2022-10-07T12:21:20:   MC source events .........: 0 (all source models)
2022-10-07T12:21:32:  MC events outside ROI .....: 0
2022-10-07T12:21:32:  MC background events ......: 390878
2022-10-07T12:21:32:  MC identifier 1 ...........: Background
2022-10-07T12:21:32:  MC events .................: 390878 (all models)
2022-10-07T12:21:33: 
2022-10-07T12:21:33: +==================+
2022-10-07T12:21:33: | Save observation |
2022-10-07T12:21:33: +==================+
2022-10-07T12:21:33: 
2022-10-07T12:21:33: Application "ctobssim" terminated after 13 wall clock seconds, consuming 13.4 seconds of CPU time.
